0 info it worked if it ends with ok
1 verbose cli [ '/usr/local/bin/node',
1 verbose cli   '/usr/local/bin/npm',
1 verbose cli   'run',
1 verbose cli   'watch-scss' ]
2 info using npm@3.10.10
3 info using node@v6.10.2
4 verbose run-script [ 'prewatch-scss', 'watch-scss', 'postwatch-scss' ]
5 info lifecycle css@1.0.0~prewatch-scss: css@1.0.0
6 silly lifecycle css@1.0.0~prewatch-scss: no script for prewatch-scss, continuing
7 info lifecycle css@1.0.0~watch-scss: css@1.0.0
8 verbose lifecycle css@1.0.0~watch-scss: unsafe-perm in lifecycle true
9 verbose lifecycle css@1.0.0~watch-scss: PATH: /usr/local/lib/node_modules/npm/bin/node-gyp-bin:/Users/christineslfok/Google Drive/christineslfok.com/assets/css/node_modules/.bin:/usr/local/bin:/usr/bin:/bin:/usr/sbin:/sbin
10 verbose lifecycle css@1.0.0~watch-scss: CWD: /Users/christineslfok/Google Drive/christineslfok.com/assets/css
11 silly lifecycle css@1.0.0~watch-scss: Args: [ '-c', 'node-sass --w scss --o css --output-style expanded' ]
12 silly lifecycle css@1.0.0~watch-scss: Returned: code: 1  signal: null
13 info lifecycle css@1.0.0~watch-scss: Failed to exec watch-scss script
14 verbose stack Error: css@1.0.0 watch-scss: `node-sass --w scss --o css --output-style expanded`
14 verbose stack Exit status 1
14 verbose stack     at EventEmitter.<anonymous> (/usr/local/lib/node_modules/npm/lib/utils/lifecycle.js:255:16)
14 verbose stack     at emitTwo (events.js:106:13)
14 verbose stack     at EventEmitter.emit (events.js:191:7)
14 verbose stack     at ChildProcess.<anonymous> (/usr/local/lib/node_modules/npm/lib/utils/spawn.js:40:14)
14 verbose stack     at emitTwo (events.js:106:13)
14 verbose stack     at ChildProcess.emit (events.js:191:7)
14 verbose stack     at maybeClose (internal/child_process.js:886:16)
14 verbose stack     at Process.ChildProcess._handle.onexit (internal/child_process.js:226:5)
15 verbose pkgid css@1.0.0
16 verbose cwd /Users/christineslfok/Google Drive/christineslfok.com/assets/css
17 error Darwin 15.6.0
18 error argv "/usr/local/bin/node" "/usr/local/bin/npm" "run" "watch-scss"
19 error node v6.10.2
20 error npm  v3.10.10
21 error code ELIFECYCLE
22 error css@1.0.0 watch-scss: `node-sass --w scss --o css --output-style expanded`
22 error Exit status 1
23 error Failed at the css@1.0.0 watch-scss script 'node-sass --w scss --o css --output-style expanded'.
23 error Make sure you have the latest version of node.js and npm installed.
23 error If you do, this is most likely a problem with the css package,
23 error not with npm itself.
23 error Tell the author that this fails on your system:
23 error     node-sass --w scss --o css --output-style expanded
23 error You can get information on how to open an issue for this project with:
23 error     npm bugs css
23 error Or if that isn't available, you can get their info via:
23 error     npm owner ls css
23 error There is likely additional logging output above.
24 verbose exit [ 1, true ]
